#
# There is insufficient memory for the Java Runtime Environment to continue.
# Native memory allocation (malloc) failed to allocate 1048576 bytes for AllocateHeap
# Possible reasons:
#   The system is out of physical RAM or swap space
#   The process is running with CompressedOops enabled, and the Java Heap may be blocking the growth of the native heap
# Possible solutions:
#   Reduce memory load on the system
#   Increase physical memory or swap space
#   Check if swap backing store is full
#   Decrease Java heap size (-Xmx/-Xms)
#   Decrease number of Java threads
#   Decrease Java thread stack sizes (-Xss)
#   Set larger code cache with -XX:ReservedCodeCacheSize=
#   JVM is running with Unscaled Compressed Oops mode in which the Java heap is
#     placed in the first 4GB address space. The Java Heap base address is the
#     maximum limit for the native heap growth. Please use -XX:HeapBaseMinAddress
#     to set the Java Heap base and to place the Java Heap above 4GB virtual address.
# This output file may be truncated or incomplete.
#
#  Out of Memory Error (allocation.cpp:44), pid=12204, tid=13560
#
# JRE version:  (17.0.10) (build )
# Java VM: OpenJDK 64-Bit Server VM (17.0.10+0--11609105, mixed mode, sharing, tiered, compressed oops, compressed class ptrs, g1 gc, windows-amd64)
# No core dump will be written. Minidumps are not enabled by default on client versions of Windows
#

---------------  S U M M A R Y ------------

Command Line: git4idea.http.GitAskPassApp Username for 'https://github.com': 

Host: AMD Ryzen 5 5600X 6-Core Processor             , 12 cores, 15G,  Windows 11 , 64 bit Build 22621 (10.0.22621.3958)
Time: Fri Sep 13 00:27:03 2024 RTZ 4 (s 11 , 64 bit Build 22621 (10.0.22621.3958) elapsed time: 0.005396 seconds (0d 0h 0m 0s)

---------------  T H R E A D  ---------------

Current thread (0x000001c601c5c4c0):  JavaThread "Unknown thread" [_thread_in_vm, id=13560, stack(0x0000003347a00000,0x0000003347b00000)]

Stack: [0x0000003347a00000,0x0000003347b00000]
Native frames: (J=compiled Java code, j=interpreted, Vv=VM code, C=native code)
V  [jvm.dll+0x688de9]
V  [jvm.dll+0x8423da]
V  [jvm.dll+0x84401e]
V  [jvm.dll+0x844683]
V  [jvm.dll+0x24be0f]
V  [jvm.dll+0xa6ca3]
V  [jvm.dll+0x2de534]
V  [jvm.dll+0x812f3c]
V  [jvm.dll+0x371c81]
V  [jvm.dll+0x7f1ac6]
V  [jvm.dll+0x3f58df]
V  [jvm.dll+0x3f7511]
C  [jli.dll+0x528f]
C  [ucrtbase.dll+0x29333]
C  [KERNEL32.DLL+0x1257d]
C  [ntdll.dll+0x5af28]


---------------  P R O C E S S  ---------------

Threads class SMR info:
_java_thread_list=0x00007ff8bfdaef58, length=0, elements={
}

Java Threads: ( => current thread )

Other Threads:

=>0x000001c601c5c4c0 (exited) JavaThread "Unknown thread" [_thread_in_vm, id=13560, stack(0x0000003347a00000,0x0000003347b00000)]

Threads with active compile tasks:

VM state: not at safepoint (not fully initialized)

VM Mutex/Monitor currently owned by a thread: None

Heap address: 0x0000000000000000, size: 0 MB, Compressed Oops mode: 32-bit

CDS archive(s) mapped at: [0x0000000000000000-0x0000000000000000-0x0000000000000000), size 0, SharedBaseAddress: 0x0000000800000000, ArchiveRelocationMode: 1.
Narrow klass base: 0x0000000000000000, Narrow klass shift: 0, Narrow klass range: 0x0

GC Precious Log:
<Empty>

GC Heap History (0 events):
No events

Dll operation events (1 events):
Event: 0.003 Loaded shared library C:\Program Files\Android\Android Studio\jbr\bin\java.dll

Deoptimization events (0 events):
No events

Classes unloaded (0 events):
No events

Classes redefined (0 events):
No events

Internal exceptions (0 events):
No events

VM Operations (0 events):
No events

Events (0 events):
No events


Dynamic libraries:
0x00007ff7d4270000 - 0x00007ff7d427a000 	C:\Program Files\Android\Android Studio\jbr\bin\java.exe
0x00007ff940890000 - 0x00007ff940aa7000 	C:\WINDOWS\SYSTEM32\ntdll.dll
0x00007ff93f6f0000 - 0x00007ff93f7b4000 	C:\WINDOWS\System32\KERNEL32.DLL
0x00007ff93dce0000 - 0x00007ff93e08d000 	C:\WINDOWS\System32\KERNELBASE.dll
0x00007ff93e130000 - 0x00007ff93e241000 	C:\WINDOWS\System32\ucrtbase.dll
0x00007ff918020000 - 0x00007ff918037000 	C:\Program Files\Android\Android Studio\jbr\bin\jli.dll
0x00007ff92a020000 - 0x00007ff92a03b000 	C:\Program Files\Android\Android Studio\jbr\bin\VCRUNTIME140.dll
0x00007ff93ea60000 - 0x00007ff93ec0e000 	C:\WINDOWS\System32\USER32.dll
0x00007ff93e470000 - 0x00007ff93e496000 	C:\WINDOWS\System32\win32u.dll
0x00007ff928d20000 - 0x00007ff928fb3000 	C:\WINDOWS\WinSxS\amd64_microsoft.windows.common-controls_6595b64144ccf1df_6.0.22621.3672_none_2713b9d173822955\COMCTL32.dll
0x00007ff93f560000 - 0x00007ff93f589000 	C:\WINDOWS\System32\GDI32.dll
0x00007ff93e4a0000 - 0x00007ff93e5b9000 	C:\WINDOWS\System32\gdi32full.dll
0x00007ff9406b0000 - 0x00007ff940757000 	C:\WINDOWS\System32\msvcrt.dll
0x00007ff93e090000 - 0x00007ff93e12a000 	C:\WINDOWS\System32\msvcp_win.dll
0x00007ff940020000 - 0x00007ff940051000 	C:\WINDOWS\System32\IMM32.DLL
0x00007ff9397d0000 - 0x00007ff9397dc000 	C:\Program Files\Android\Android Studio\jbr\bin\vcruntime140_1.dll
0x00007ff911160000 - 0x00007ff9111ed000 	C:\Program Files\Android\Android Studio\jbr\bin\msvcp140.dll
0x00007ff8bf270000 - 0x00007ff8bfef3000 	C:\Program Files\Android\Android Studio\jbr\bin\server\jvm.dll
0x00007ff93fa50000 - 0x00007ff93fb02000 	C:\WINDOWS\System32\ADVAPI32.dll
0x00007ff93e780000 - 0x00007ff93e829000 	C:\WINDOWS\System32\sechost.dll
0x00007ff93e250000 - 0x00007ff93e278000 	C:\WINDOWS\System32\bcrypt.dll
0x00007ff93e840000 - 0x00007ff93e954000 	C:\WINDOWS\System32\RPCRT4.dll
0x00007ff9282c0000 - 0x00007ff9282c9000 	C:\WINDOWS\SYSTEM32\WSOCK32.dll
0x00007ff93ca60000 - 0x00007ff93caad000 	C:\WINDOWS\SYSTEM32\POWRPROF.dll
0x00007ff933030000 - 0x00007ff933064000 	C:\WINDOWS\SYSTEM32\WINMM.dll
0x00007ff93f4e0000 - 0x00007ff93f551000 	C:\WINDOWS\System32\WS2_32.dll
0x00007ff936cb0000 - 0x00007ff936cba000 	C:\WINDOWS\SYSTEM32\VERSION.dll
0x00007ff93ca20000 - 0x00007ff93ca33000 	C:\WINDOWS\SYSTEM32\UMPDC.dll
0x00007ff93ccd0000 - 0x00007ff93cce8000 	C:\WINDOWS\SYSTEM32\kernel.appcore.dll
0x00007ff9282b0000 - 0x00007ff9282ba000 	C:\Program Files\Android\Android Studio\jbr\bin\jimage.dll
0x00007ff935de0000 - 0x00007ff936012000 	C:\WINDOWS\SYSTEM32\DBGHELP.DLL
0x00007ff93fb10000 - 0x00007ff93fe9d000 	C:\WINDOWS\System32\combase.dll
0x00007ff93f970000 - 0x00007ff93fa47000 	C:\WINDOWS\System32\OLEAUT32.dll
0x00007ff9305d0000 - 0x00007ff930602000 	C:\WINDOWS\SYSTEM32\dbgcore.DLL
0x00007ff93e280000 - 0x00007ff93e2fb000 	C:\WINDOWS\System32\bcryptPrimitives.dll
0x00007ff928280000 - 0x00007ff9282a5000 	C:\Program Files\Android\Android Studio\jbr\bin\java.dll

dbghelp: loaded successfully - version: 4.0.5 - missing functions: none
symbol engine: initialized successfully - sym options: 0x614 - pdb path: .;C:\Program Files\Android\Android Studio\jbr\bin;C:\WINDOWS\SYSTEM32;C:\WINDOWS\WinSxS\amd64_microsoft.windows.common-controls_6595b64144ccf1df_6.0.22621.3672_none_2713b9d173822955;C:\Program Files\Android\Android Studio\jbr\bin\server

VM Arguments:
java_command: git4idea.http.GitAskPassApp Username for 'https://github.com': 
java_class_path (initial): C:/Program Files/Android/Android Studio/plugins/vcs-git/lib/git4idea-rt.jar;C:/Program Files/Android/Android Studio/lib/externalProcess-rt.jar
Launcher Type: SUN_STANDARD

[Global flags]
     intx CICompilerCount                          = 4                                         {product} {ergonomic}
     uint ConcGCThreads                            = 3                                         {product} {ergonomic}
     uint G1ConcRefinementThreads                  = 10                                        {product} {ergonomic}
   size_t G1HeapRegionSize                         = 2097152                                   {product} {ergonomic}
    uintx GCDrainStackTargetSize                   = 64                                        {product} {ergonomic}
   size_t InitialHeapSize                          = 268435456                                 {product} {ergonomic}
   size_t MarkStackSize                            = 4194304                                   {product} {ergonomic}
   size_t MaxHeapSize                              = 4276092928                                {product} {ergonomic}
   size_t MinHeapDeltaBytes                        = 2097152                                   {product} {ergonomic}
   size_t MinHeapSize                              = 8388608                                   {product} {ergonomic}
    uintx NonNMethodCodeHeapSize                   = 5839372                                {pd product} {ergonomic}
    uintx NonProfiledCodeHeapSize                  = 122909434                              {pd product} {ergonomic}
    uintx ProfiledCodeHeapSize                     = 122909434                              {pd product} {ergonomic}
    uintx ReservedCodeCacheSize                    = 251658240                              {pd product} {ergonomic}
     bool SegmentedCodeCache                       = true                                      {product} {ergonomic}
   size_t SoftMaxHeapSize                          = 4276092928                             {manageable} {ergonomic}
     bool UseCompressedClassPointers               = true                           {product lp64_product} {ergonomic}
     bool UseCompressedOops                        = true                           {product lp64_product} {ergonomic}
     bool UseG1GC                                  = true                                      {product} {ergonomic}
     bool UseLargePagesIndividualAllocation        = false                                  {pd product} {ergonomic}

Logging:
Log output configuration:
 #0: stdout all=warning uptime,level,tags
 #1: stderr all=off uptime,level,tags

Environment Variables:
PATH=C:/Program Files/Git/mingw64/libexec/git-core;C:/Program Files/Git/mingw64/libexec/git-core;C:\Program Files\Git\mingw64\bin;C:\Program Files\Git\usr\bin;C:\Users\evger\bin;C:\Program Files (x86)\VMware\VMware Workstation\bin\;C:\Program Files (x86)\Common Files\Oracle\Java\javapath;C:\WINDOWS\system32;C:\WINDOWS;C:\WINDOWS\System32\Wbem;C:\WINDOWS\System32\WindowsPowerShell\v1.0\;C:\WINDOWS\System32\OpenSSH\;C:\Program Files\dotnet\;C:\Program Files\Git\cmd;C:\Program Files\NVIDIA Corporation\NVIDIA NvDLISR;C:\Program Files (x86)\NVIDIA Corporation\PhysX\Common;C:\Program Files\WireGuard\;C:\Program Files (x86)\Gpg4win\..\GnuPG\bin;C:\Program Files\nodejs\;C:\Program Files (x86)\Windows Kits\10\Windows Performance Toolkit\;C:\Users\evger\AppData\Local\Microsoft\WindowsApps;F:\Programs\Microsoft VS Code\bin;C:\Users\evger\AppData\Roaming\npm
USERNAME=evger
DISPLAY=:0.0
LC_ALL=en_US.UTF-8
TERM=xterm-256color
TMPDIR=C:\Users\evger\AppData\Local\Temp
OS=Windows_NT
PROCESSOR_IDENTIFIER=AMD64 Family 25 Model 33 Stepping 2, AuthenticAMD
TMP=C:\Users\evger\AppData\Local\Temp
TEMP=C:\Users\evger\AppData\Local\Temp



Periodic native trim disabled

JNI global refs:
JNI global refs: 0, weak refs: 0

JNI global refs memory usage: 0, weak refs: 0

OOME stack traces (most recent first):
Classloader memory used:


---------------  S Y S T E M  ---------------

OS:
 Windows 11 , 64 bit Build 22621 (10.0.22621.3958)
OS uptime: 1 days 0:11 hours

CPU: total 12 (initial active 12) (12 cores per cpu, 2 threads per core) family 25 model 33 stepping 2 microcode 0x0, cx8, cmov, fxsr, ht, mmx, 3dnowpref, sse, sse2, sse3, ssse3, sse4a, sse4.1, sse4.2, popcnt, lzcnt, tsc, tscinvbit, avx, avx2, aes, erms, clmul, bmi1, bmi2, adx, sha, fma, vzeroupper, clflush, clflushopt
Processor Information for all 12 processors :
  Max Mhz: 3701, Current Mhz: 3701, Mhz Limit: 3701

Memory: 4k page, system-wide physical 16309M (826M free)
TotalPageFile size 24501M (AvailPageFile size 5M)
current process WorkingSet (physical memory assigned to process): 10M, peak: 10M
current process commit charge ("private bytes"): 18M, peak: 19M

vm_info: OpenJDK 64-Bit Server VM (17.0.10+0--11609105) for windows-amd64 JRE (17.0.10+0--11609105), built on Mar 21 2024 19:10:56 by "androidbuild" with MS VC++ 16.10 / 16.11 (VS2019)

END.
